app/build/intermediates/manifest_merge_blame_file/debug/processDebugMainManifest/manifest-merger-blame-debug-report.txt
1<?xml version="1.0" encoding="utf-8"?>
2<manifest xmlns:android="http://schemas.android.com/apk/res/android"
3    package="com.upsi.smartbus"
4    android:versionCode="1"
5    android:versionName="1.0" >
6
7    <uses-sdk
8        android:minSdkVersion="24"
9        android:targetSdkVersion="34" />
10
11    <uses-permission android:name="android.permission.INTERNET" />
11-->src\main\AndroidManifest.xml:5:5-67
11-->src\main\AndroidManifest.xml:5:22-64
12    <uses-permission android:name="android.permission.ACCESS_FINE_LOCATION" />
12-->src\main\AndroidManifest.xml:6:5-79
12-->src\main\AndroidManifest.xml:6:22-76
13    <uses-permission android:name="android.permission.ACCESS_COARSE_LOCATION" />
13-->src\main\AndroidManifest.xml:7:5-81
13-->src\main\AndroidManifest.xml:7:22-78
14    <!-- Include required permissions for Google Maps API to run. -->
15    <uses-permission android:name="android.permission.ACCESS_NETWORK_STATE" />
15-->[com.google.android.gms:play-services-maps:18.1.0] AndroidManifest.xml:23:5-79
15-->[com.google.android.gms:play-services-maps:18.1.0] AndroidManifest.xml:23:22-76
16
17    <uses-feature
17-->[com.google.android.gms:play-services-maps:18.1.0] AndroidManifest.xml:26:5-28:35
18        android:glEsVersion="0x00020000"
18-->[com.google.android.gms:play-services-maps:18.1.0] AndroidManifest.xml:27:9-41
19        android:required="true" />
19-->[com.google.android.gms:play-services-maps:18.1.0] AndroidManifest.xml:28:9-32
20
21    <queries>
21-->[com.google.android.gms:play-services-maps:18.1.0] AndroidManifest.xml:30:5-34:15
22
23        <!-- Needs to be explicitly declared on Android R+ -->
24        <package android:name="com.google.android.apps.maps" />
24-->[com.google.android.gms:play-services-maps:18.1.0] AndroidManifest.xml:33:9-64
24-->[com.google.android.gms:play-services-maps:18.1.0] AndroidManifest.xml:33:18-61
25    </queries>
26
27    <uses-permission android:name="android.permission.WAKE_LOCK" />
27-->[com.google.android.gms:play-services-measurement-api:21.3.0] AndroidManifest.xml:24:5-68
27-->[com.google.android.gms:play-services-measurement-api:21.3.0] AndroidManifest.xml:24:22-65
28    <uses-permission android:name="com.google.android.gms.permission.AD_ID" />
28-->[com.google.android.gms:play-services-measurement-api:21.3.0] AndroidManifest.xml:25:5-79
28-->[com.google.android.gms:play-services-measurement-api:21.3.0] AndroidManifest.xml:25:22-76
29    <uses-permission android:name="com.google.android.finsky.permission.BIND_GET_INSTALL_REFERRER_SERVICE" />
29-->[com.google.android.gms:play-services-measurement:21.3.0] AndroidManifest.xml:26:5-110
29-->[com.google.android.gms:play-services-measurement:21.3.0] AndroidManifest.xml:26:22-107
30
31    <permission
31-->[androidx.core:core:1.10.1] AndroidManifest.xml:22:5-24:47
32        android:name="com.upsi.smartbus.DYNAMIC_RECEIVER_NOT_EXPORTED_PERMISSION"
32-->[androidx.core:core:1.10.1] AndroidManifest.xml:23:9-81
33        android:protectionLevel="signature" />
33-->[androidx.core:core:1.10.1] AndroidManifest.xml:24:9-44
34
35    <uses-permission android:name="com.upsi.smartbus.DYNAMIC_RECEIVER_NOT_EXPORTED_PERMISSION" />
35-->[androidx.core:core:1.10.1] AndroidManifest.xml:26:5-97
35-->[androidx.core:core:1.10.1] AndroidManifest.xml:26:22-94
36
37    <supports-screens
37-->[org.osmdroid:osmdroid-android:6.1.16] AndroidManifest.xml:9:5-12:40
38        android:anyDensity="true"
38-->[org.osmdroid:osmdroid-android:6.1.16] AndroidManifest.xml:10:9-34
39        android:largeScreens="true"
39-->[org.osmdroid:osmdroid-android:6.1.16] AndroidManifest.xml:11:9-36
40        android:normalScreens="true" />
40-->[org.osmdroid:osmdroid-android:6.1.16] AndroidManifest.xml:12:9-37
41
42    <uses-feature
42-->[org.osmdroid:osmdroid-android:6.1.16] AndroidManifest.xml:14:5-16:36
43        android:name="android.hardware.location.network"
43-->[org.osmdroid:osmdroid-android:6.1.16] AndroidManifest.xml:15:9-57
44        android:required="false" />
44-->[org.osmdroid:osmdroid-android:6.1.16] AndroidManifest.xml:16:9-33
45    <uses-feature
45-->[org.osmdroid:osmdroid-android:6.1.16] AndroidManifest.xml:17:5-19:36
46        android:name="android.hardware.location.gps"
46-->[org.osmdroid:osmdroid-android:6.1.16] AndroidManifest.xml:18:9-53
47        android:required="false" />
47-->[org.osmdroid:osmdroid-android:6.1.16] AndroidManifest.xml:19:9-33
48    <uses-feature
48-->[org.osmdroid:osmdroid-android:6.1.16] AndroidManifest.xml:20:5-22:36
49        android:name="android.hardware.telephony"
49-->[org.osmdroid:osmdroid-android:6.1.16] AndroidManifest.xml:21:9-50
50        android:required="false" />
50-->[org.osmdroid:osmdroid-android:6.1.16] AndroidManifest.xml:22:9-33
51    <uses-feature
51-->[org.osmdroid:osmdroid-android:6.1.16] AndroidManifest.xml:23:5-25:36
52        android:name="android.hardware.wifi"
52-->[org.osmdroid:osmdroid-android:6.1.16] AndroidManifest.xml:24:9-45
53        android:required="false" />
53-->[org.osmdroid:osmdroid-android:6.1.16] AndroidManifest.xml:25:9-33
54
55    <application
55-->src\main\AndroidManifest.xml:9:5-44:19
56        android:allowBackup="true"
56-->src\main\AndroidManifest.xml:10:9-35
57        android:appComponentFactory="androidx.core.app.CoreComponentFactory"
57-->[androidx.core:core:1.10.1] AndroidManifest.xml:28:18-86
58        android:dataExtractionRules="@xml/data_extraction_rules"
58-->src\main\AndroidManifest.xml:11:9-65
59        android:debuggable="true"
60        android:extractNativeLibs="false"
61        android:fullBackupContent="@xml/backup_rules"
61-->src\main\AndroidManifest.xml:12:9-54
62        android:icon="@mipmap/ic_launcher"
62-->src\main\AndroidManifest.xml:13:9-43
63        android:label="@string/app_name"
63-->src\main\AndroidManifest.xml:14:9-41
64        android:roundIcon="@mipmap/ic_launcher_round"
64-->src\main\AndroidManifest.xml:15:9-54
65        android:supportsRtl="true"
65-->src\main\AndroidManifest.xml:16:9-35
66        android:theme="@style/Theme.SmartBus" >
66-->src\main\AndroidManifest.xml:17:9-46
67
68        <!-- Google Maps API Key -->
69        <meta-data
69-->src\main\AndroidManifest.xml:21:9-23:71
70            android:name="com.google.android.geo.API_KEY"
70-->src\main\AndroidManifest.xml:22:13-58
71            android:value="AIzaSyDRVwaZBYeb9Fe7jcNQpVORBTCfWLxxylc" />
71-->src\main\AndroidManifest.xml:23:13-68
72
73        <activity
73-->src\main\AndroidManifest.xml:25:9-33:20
74            android:name="com.upsi.smartbus.feature.auth.LoginActivity"
74-->src\main\AndroidManifest.xml:26:13-72
75            android:exported="true"
75-->src\main\AndroidManifest.xml:27:13-36
76            android:theme="@style/Theme.SmartBus.Login" >
76-->src\main\AndroidManifest.xml:28:13-56
77            <intent-filter>
77-->src\main\AndroidManifest.xml:29:13-32:29
78                <action android:name="android.intent.action.MAIN" />
78-->src\main\AndroidManifest.xml:30:17-69
78-->src\main\AndroidManifest.xml:30:25-66
79
80                <category android:name="android.intent.category.LAUNCHER" />
80-->src\main\AndroidManifest.xml:31:17-77
80-->src\main\AndroidManifest.xml:31:27-74
81            </intent-filter>
82        </activity>
83        <activity
83-->src\main\AndroidManifest.xml:35:9-100
84            android:name="com.upsi.smartbus.feature.MainActivity"
84-->src\main\AndroidManifest.xml:35:19-72
85            android:exported="false" />
85-->src\main\AndroidManifest.xml:35:73-97
86        <activity
86-->src\main\AndroidManifest.xml:36:9-111
87            android:name="com.upsi.smartbus.feature.student.StudentActivity"
87-->src\main\AndroidManifest.xml:36:19-83
88            android:exported="false" />
88-->src\main\AndroidManifest.xml:36:84-108
89        <activity
89-->src\main\AndroidManifest.xml:37:9-109
90            android:name="com.upsi.smartbus.feature.driver.DriverActivity"
90-->src\main\AndroidManifest.xml:37:19-81
91            android:exported="false" />
91-->src\main\AndroidManifest.xml:37:82-106
92        <activity
92-->src\main\AndroidManifest.xml:38:9-107
93            android:name="com.upsi.smartbus.feature.admin.AdminActivity"
93-->src\main\AndroidManifest.xml:38:19-79
94            android:exported="false" />
94-->src\main\AndroidManifest.xml:38:80-104
95        <activity
95-->src\main\AndroidManifest.xml:39:9-119
96            android:name="com.upsi.smartbus.feature.student.buses.BusDetailActivity"
96-->src\main\AndroidManifest.xml:39:19-91
97            android:exported="false" />
97-->src\main\AndroidManifest.xml:39:92-116
98        <activity
98-->src\main\AndroidManifest.xml:40:9-111
99            android:name="com.upsi.smartbus.feature.profile.ProfileActivity"
99-->src\main\AndroidManifest.xml:40:19-83
100            android:exported="false" />
100-->src\main\AndroidManifest.xml:40:84-108
101
102        <service
102-->src\main\AndroidManifest.xml:42:9-110
103            android:name="com.upsi.smartbus.core.service.GpsTrackingService"
103-->src\main\AndroidManifest.xml:42:18-82
104            android:exported="false" />
104-->src\main\AndroidManifest.xml:42:83-107
105
106        <!-- Needs to be explicitly declared on P+ -->
107        <uses-library
107-->[com.google.android.gms:play-services-maps:18.1.0] AndroidManifest.xml:39:9-41:40
108            android:name="org.apache.http.legacy"
108-->[com.google.android.gms:play-services-maps:18.1.0] AndroidManifest.xml:40:13-50
109            android:required="false" />
109-->[com.google.android.gms:play-services-maps:18.1.0] AndroidManifest.xml:41:13-37
110
111        <service
111-->[com.google.firebase:firebase-firestore-ktx:24.7.0] AndroidManifest.xml:11:9-17:19
112            android:name="com.google.firebase.components.ComponentDiscoveryService"
112-->[com.google.firebase:firebase-firestore-ktx:24.7.0] AndroidManifest.xml:12:13-84
113            android:directBootAware="true"
113-->[com.google.firebase:firebase-common:20.3.3] AndroidManifest.xml:34:13-43
114            android:exported="false" >
114-->[com.google.firebase:firebase-firestore-ktx:24.7.0] AndroidManifest.xml:13:13-37
115            <meta-data
115-->[com.google.firebase:firebase-firestore-ktx:24.7.0] AndroidManifest.xml:14:13-16:85
116                android:name="com.google.firebase.components:com.google.firebase.firestore.ktx.FirebaseFirestoreKtxRegistrar"
116-->[com.google.firebase:firebase-firestore-ktx:24.7.0] AndroidManifest.xml:15:17-126
117                android:value="com.google.firebase.components.ComponentRegistrar" />
117-->[com.google.firebase:firebase-firestore-ktx:24.7.0] AndroidManifest.xml:16:17-82
118            <meta-data
118-->[com.google.firebase:firebase-firestore:24.7.0] AndroidManifest.xml:19:13-21:85
119                android:name="com.google.firebase.components:com.google.firebase.firestore.FirestoreRegistrar"
119-->[com.google.firebase:firebase-firestore:24.7.0] AndroidManifest.xml:20:17-111
120                android:value="com.google.firebase.components.ComponentRegistrar" />
120-->[com.google.firebase:firebase-firestore:24.7.0] AndroidManifest.xml:21:17-82
121            <meta-data
121-->[com.google.firebase:firebase-auth-ktx:22.1.0] AndroidManifest.xml:11:13-13:85
122                android:name="com.google.firebase.components:com.google.firebase.auth.ktx.FirebaseAuthKtxRegistrar"
122-->[com.google.firebase:firebase-auth-ktx:22.1.0] AndroidManifest.xml:12:17-116
123                android:value="com.google.firebase.components.ComponentRegistrar" />
123-->[com.google.firebase:firebase-auth-ktx:22.1.0] AndroidManifest.xml:13:17-82
124            <meta-data
124-->[com.google.firebase:firebase-auth:22.1.0] AndroidManifest.xml:69:13-71:85
125                android:name="com.google.firebase.components:com.google.firebase.auth.FirebaseAuthRegistrar"
125-->[com.google.firebase:firebase-auth:22.1.0] AndroidManifest.xml:70:17-109
126                android:value="com.google.firebase.components.ComponentRegistrar" />
126-->[com.google.firebase:firebase-auth:22.1.0] AndroidManifest.xml:71:17-82
127            <meta-data
127-->[com.google.firebase:firebase-analytics-ktx:21.3.0] AndroidManifest.xml:11:13-13:85
128                android:name="com.google.firebase.components:com.google.firebase.analytics.ktx.FirebaseAnalyticsKtxRegistrar"
128-->[com.google.firebase:firebase-analytics-ktx:21.3.0] AndroidManifest.xml:12:17-126
129                android:value="com.google.firebase.components.ComponentRegistrar" />
129-->[com.google.firebase:firebase-analytics-ktx:21.3.0] AndroidManifest.xml:13:17-82
130            <meta-data
130-->[com.google.firebase:firebase-common-ktx:20.3.3] AndroidManifest.xml:14:13-16:85
131                android:name="com.google.firebase.components:com.google.firebase.ktx.FirebaseCommonKtxRegistrar"
131-->[com.google.firebase:firebase-common-ktx:20.3.3] AndroidManifest.xml:15:17-113
132                android:value="com.google.firebase.components.ComponentRegistrar" />
132-->[com.google.firebase:firebase-common-ktx:20.3.3] AndroidManifest.xml:16:17-82
133            <meta-data
133-->[com.google.android.gms:play-services-measurement-api:21.3.0] AndroidManifest.xml:31:13-33:85
134                android:name="com.google.firebase.components:com.google.firebase.analytics.connector.internal.AnalyticsConnectorRegistrar"
134-->[com.google.android.gms:play-services-measurement-api:21.3.0] AndroidManifest.xml:32:17-139
135                android:value="com.google.firebase.components.ComponentRegistrar" />
135-->[com.google.android.gms:play-services-measurement-api:21.3.0] AndroidManifest.xml:33:17-82
136            <meta-data
136-->[com.google.firebase:firebase-installations:17.1.3] AndroidManifest.xml:17:13-19:85
137                android:name="com.google.firebase.components:com.google.firebase.installations.FirebaseInstallationsRegistrar"
137-->[com.google.firebase:firebase-installations:17.1.3] AndroidManifest.xml:18:17-127
138                android:value="com.google.firebase.components.ComponentRegistrar" />
138-->[com.google.firebase:firebase-installations:17.1.3] AndroidManifest.xml:19:17-82
139        </service>
140
141        <activity
141-->[com.google.firebase:firebase-auth:22.1.0] AndroidManifest.xml:29:9-46:20
142            android:name="com.google.firebase.auth.internal.GenericIdpActivity"
142-->[com.google.firebase:firebase-auth:22.1.0] AndroidManifest.xml:30:13-80
143            android:excludeFromRecents="true"
143-->[com.google.firebase:firebase-auth:22.1.0] AndroidManifest.xml:31:13-46
144            android:exported="true"
144-->[com.google.firebase:firebase-auth:22.1.0] AndroidManifest.xml:32:13-36
145            android:launchMode="singleTask"
145-->[com.google.firebase:firebase-auth:22.1.0] AndroidManifest.xml:33:13-44
146            android:theme="@android:style/Theme.Translucent.NoTitleBar" >
146-->[com.google.firebase:firebase-auth:22.1.0] AndroidManifest.xml:34:13-72
147            <intent-filter>
147-->[com.google.firebase:firebase-auth:22.1.0] AndroidManifest.xml:35:13-45:29
148                <action android:name="android.intent.action.VIEW" />
148-->[com.google.firebase:firebase-auth:22.1.0] AndroidManifest.xml:36:17-69
148-->[com.google.firebase:firebase-auth:22.1.0] AndroidManifest.xml:36:25-66
149
150                <category android:name="android.intent.category.DEFAULT" />
150-->[com.google.firebase:firebase-auth:22.1.0] AndroidManifest.xml:38:17-76
150-->[com.google.firebase:firebase-auth:22.1.0] AndroidManifest.xml:38:27-73
151                <category android:name="android.intent.category.BROWSABLE" />
151-->[com.google.firebase:firebase-auth:22.1.0] AndroidManifest.xml:39:17-78
151-->[com.google.firebase:firebase-auth:22.1.0] AndroidManifest.xml:39:27-75
152
153                <data
153-->[com.google.firebase:firebase-auth:22.1.0] AndroidManifest.xml:41:17-44:51
154                    android:host="firebase.auth"
154-->[com.google.firebase:firebase-auth:22.1.0] AndroidManifest.xml:42:21-49
155                    android:path="/"
155-->[com.google.firebase:firebase-auth:22.1.0] AndroidManifest.xml:43:21-37
156                    android:scheme="genericidp" />
156-->[com.google.firebase:firebase-auth:22.1.0] AndroidManifest.xml:44:21-48
157            </intent-filter>
158        </activity>
159        <activity
159-->[com.google.firebase:firebase-auth:22.1.0] AndroidManifest.xml:47:9-64:20
160            android:name="com.google.firebase.auth.internal.RecaptchaActivity"
160-->[com.google.firebase:firebase-auth:22.1.0] AndroidManifest.xml:48:13-79
161            android:excludeFromRecents="true"
161-->[com.google.firebase:firebase-auth:22.1.0] AndroidManifest.xml:49:13-46
162            android:exported="true"
162-->[com.google.firebase:firebase-auth:22.1.0] AndroidManifest.xml:50:13-36
163            android:launchMode="singleTask"
163-->[com.google.firebase:firebase-auth:22.1.0] AndroidManifest.xml:51:13-44
164            android:theme="@android:style/Theme.Translucent.NoTitleBar" >
164-->[com.google.firebase:firebase-auth:22.1.0] AndroidManifest.xml:52:13-72
165            <intent-filter>
165-->[com.google.firebase:firebase-auth:22.1.0] AndroidManifest.xml:53:13-63:29
166                <action android:name="android.intent.action.VIEW" />
166-->[com.google.firebase:firebase-auth:22.1.0] AndroidManifest.xml:36:17-69
166-->[com.google.firebase:firebase-auth:22.1.0] AndroidManifest.xml:36:25-66
167
168                <category android:name="android.intent.category.DEFAULT" />
168-->[com.google.firebase:firebase-auth:22.1.0] AndroidManifest.xml:38:17-76
168-->[com.google.firebase:firebase-auth:22.1.0] AndroidManifest.xml:38:27-73
169                <category android:name="android.intent.category.BROWSABLE" />
169-->[com.google.firebase:firebase-auth:22.1.0] AndroidManifest.xml:39:17-78
169-->[com.google.firebase:firebase-auth:22.1.0] AndroidManifest.xml:39:27-75
170
171                <data
171-->[com.google.firebase:firebase-auth:22.1.0] AndroidManifest.xml:41:17-44:51
172                    android:host="firebase.auth"
172-->[com.google.firebase:firebase-auth:22.1.0] AndroidManifest.xml:42:21-49
173                    android:path="/"
173-->[com.google.firebase:firebase-auth:22.1.0] AndroidManifest.xml:43:21-37
174                    android:scheme="recaptcha" />
174-->[com.google.firebase:firebase-auth:22.1.0] AndroidManifest.xml:44:21-48
175            </intent-filter>
176        </activity>
177        <activity
177-->[com.google.android.gms:play-services-base:18.1.0] AndroidManifest.xml:20:9-22:45
178            android:name="com.google.android.gms.common.api.GoogleApiActivity"
178-->[com.google.android.gms:play-services-base:18.1.0] AndroidManifest.xml:20:19-85
179            android:exported="false"
179-->[com.google.android.gms:play-services-base:18.1.0] AndroidManifest.xml:22:19-43
180            android:theme="@android:style/Theme.Translucent.NoTitleBar" />
180-->[com.google.android.gms:play-services-base:18.1.0] AndroidManifest.xml:21:19-78
181
182        <provider
182-->[com.google.firebase:firebase-common:20.3.3] AndroidManifest.xml:25:9-30:39
183            android:name="com.google.firebase.provider.FirebaseInitProvider"
183-->[com.google.firebase:firebase-common:20.3.3] AndroidManifest.xml:26:13-77
184            android:authorities="com.upsi.smartbus.firebaseinitprovider"
184-->[com.google.firebase:firebase-common:20.3.3] AndroidManifest.xml:27:13-72
185            android:directBootAware="true"
185-->[com.google.firebase:firebase-common:20.3.3] AndroidManifest.xml:28:13-43
186            android:exported="false"
186-->[com.google.firebase:firebase-common:20.3.3] AndroidManifest.xml:29:13-37
187            android:initOrder="100" />
187-->[com.google.firebase:firebase-common:20.3.3] AndroidManifest.xml:30:13-36
188
189        <receiver
189-->[com.google.android.gms:play-services-measurement:21.3.0] AndroidManifest.xml:29:9-33:20
190            android:name="com.google.android.gms.measurement.AppMeasurementReceiver"
190-->[com.google.android.gms:play-services-measurement:21.3.0] AndroidManifest.xml:30:13-85
191            android:enabled="true"
191-->[com.google.android.gms:play-services-measurement:21.3.0] AndroidManifest.xml:31:13-35
192            android:exported="false" >
192-->[com.google.android.gms:play-services-measurement:21.3.0] AndroidManifest.xml:32:13-37
193        </receiver>
194
195        <service
195-->[com.google.android.gms:play-services-measurement:21.3.0] AndroidManifest.xml:35:9-38:40
196            android:name="com.google.android.gms.measurement.AppMeasurementService"
196-->[com.google.android.gms:play-services-measurement:21.3.0] AndroidManifest.xml:36:13-84
197            android:enabled="true"
197-->[com.google.android.gms:play-services-measurement:21.3.0] AndroidManifest.xml:37:13-35
198            android:exported="false" />
198-->[com.google.android.gms:play-services-measurement:21.3.0] AndroidManifest.xml:38:13-37
199        <service
199-->[com.google.android.gms:play-services-measurement:21.3.0] AndroidManifest.xml:39:9-43:72
200            android:name="com.google.android.gms.measurement.AppMeasurementJobService"
200-->[com.google.android.gms:play-services-measurement:21.3.0] AndroidManifest.xml:40:13-87
201            android:enabled="true"
201-->[com.google.android.gms:play-services-measurement:21.3.0] AndroidManifest.xml:41:13-35
202            android:exported="false"
202-->[com.google.android.gms:play-services-measurement:21.3.0] AndroidManifest.xml:42:13-37
203            android:permission="android.permission.BIND_JOB_SERVICE" />
203-->[com.google.android.gms:play-services-measurement:21.3.0] AndroidManifest.xml:43:13-69
204
205        <meta-data
205-->[com.google.android.gms:play-services-basement:18.1.0] AndroidManifest.xml:21:9-23:69
206            android:name="com.google.android.gms.version"
206-->[com.google.android.gms:play-services-basement:18.1.0] AndroidManifest.xml:22:13-58
207            android:value="@integer/google_play_services_version" />
207-->[com.google.android.gms:play-services-basement:18.1.0] AndroidManifest.xml:23:13-66
208
209        <provider
209-->[androidx.emoji2:emoji2:1.2.0] AndroidManifest.xml:24:9-32:20
210            android:name="androidx.startup.InitializationProvider"
210-->[androidx.emoji2:emoji2:1.2.0] AndroidManifest.xml:25:13-67
211            android:authorities="com.upsi.smartbus.androidx-startup"
211-->[androidx.emoji2:emoji2:1.2.0] AndroidManifest.xml:26:13-68
212            android:exported="false" >
212-->[androidx.emoji2:emoji2:1.2.0] AndroidManifest.xml:27:13-37
213            <meta-data
213-->[androidx.emoji2:emoji2:1.2.0] AndroidManifest.xml:29:13-31:52
214                android:name="androidx.emoji2.text.EmojiCompatInitializer"
214-->[androidx.emoji2:emoji2:1.2.0] AndroidManifest.xml:30:17-75
215                android:value="androidx.startup" />
215-->[androidx.emoji2:emoji2:1.2.0] AndroidManifest.xml:31:17-49
216            <meta-data
216-->[androidx.lifecycle:lifecycle-process:2.4.1] AndroidManifest.xml:31:13-33:52
217                android:name="androidx.lifecycle.ProcessLifecycleInitializer"
217-->[androidx.lifecycle:lifecycle-process:2.4.1] AndroidManifest.xml:32:17-78
218                android:value="androidx.startup" />
218-->[androidx.lifecycle:lifecycle-process:2.4.1] AndroidManifest.xml:33:17-49
219        </provider>
220    </application>
221
222</manifest>